<?xml version="1.0" encoding="UTF-8"?>
<!-- Generated by org.testng.reporters.JUnitReportReporter -->
<testsuite hostname="DESKTOP-HMSSTKG" failures="0" tests="1" name="Practice.BookTicket" time="0.000" errors="0" timestamp="2022-07-05T10:27:58 IST" skipped="1">
  <testcase classname="Practice.BookTicket" name="bookTicketTest" time="0.000">
    <skipped/>
  </testcase> <!-- bookTicketTest -->
  <system-out/>
</testsuite> <!-- Practice.BookTicket -->
