<?xml version="1.0" encoding="UTF-8"?>
<!-- Generated by org.testng.reporters.JUnitReportReporter -->
<testsuite hostname="DESKTOP-HMSSTKG" failures="0" tests="5" name="Practice.SampleTest_DataProvier" time="0.011" errors="0" timestamp="2022-07-05T12:39:40 IST" skipped="0">
  <testcase classname="Practice.SampleTest_DataProvier" name="bookTicketTest" time="0.004"/>
  <system-out/>
  <testcase classname="Practice.SampleTest_DataProvier" name="bookTicketTest" time="0.005"/>
  <system-out/>
  <testcase classname="Practice.SampleTest_DataProvier" name="bookTicketTest" time="0.001"/>
  <system-out/>
  <testcase classname="Practice.SampleTest_DataProvier" name="bookTicketTest" time="0.000"/>
  <system-out/>
  <testcase classname="Practice.SampleTest_DataProvier" name="bookTicketTest" time="0.001"/>
  <system-out/>
</testsuite> <!-- Practice.SampleTest_DataProvier -->
