<?xml version="1.0" encoding="UTF-8"?>
<!-- Generated by org.testng.reporters.JUnitReportReporter -->
<testsuite hostname="DESKTOP-HMSSTKG" failures="0" tests="1" name="com.crm.comcast.contactTest.createContact" time="21.881" errors="0" timestamp="2022-07-19T22:17:02 IST" skipped="0">
  <testcase classname="com.crm.comcast.contactTest.createContact" name="craetecontact" time="21.881"/>
  <system-out/>
</testsuite> <!-- com.crm.comcast.contactTest.createContact -->
