<?xml version="1.0" encoding="UTF-8"?>
<!-- Generated by org.testng.reporters.JUnitReportReporter -->
<testsuite skipped="0" hostname="DESKTOP-HMSSTKG" name="com.crm.comcast.contactTest.createContact" tests="1" failures="0" timestamp="2022-07-15T10:26:33 IST" time="47.956" errors="0">
  <testcase name="craetecontact" time="47.956" classname="com.crm.comcast.contactTest.createContact"/>
  <system-out/>
</testsuite> <!-- com.crm.comcast.contactTest.createContact -->
