<?xml version="1.0" encoding="UTF-8"?>
<!-- Generated by org.testng.reporters.JUnitReportReporter -->
<testsuite skipped="0" hostname="DESKTOP-HMSSTKG" name="com.crm.comcast.campaignTest.CraeteCampaign" tests="1" failures="0" timestamp="2022-07-15T10:19:47 IST" time="57.775" errors="0">
  <testcase name="CreateCampaigns" time="57.775" classname="com.crm.comcast.campaignTest.CraeteCampaign"/>
  <system-out/>
</testsuite> <!-- com.crm.comcast.campaignTest.CraeteCampaign -->
