<?xml version="1.0" encoding="UTF-8"?>
<!-- Generated by org.testng.reporters.JUnitReportReporter -->
<testsuite hostname="DESKTOP-HMSSTKG" failures="0" tests="8" name="Practice.CustomerTest" time="0.020" errors="0" timestamp="2022-07-04T17:36:56 IST" skipped="0">
  <testcase classname="Practice.CustomerTest" name="DeleteCustomerTest" time="0.002"/>
  <system-out/>
  <testcase classname="Practice.CustomerTest" name="CreateCustomerTest" time="0.007"/>
  <system-out/>
  <testcase classname="Practice.CustomerTest" name="ModifyCustomerTest" time="0.002"/>
  <system-out/>
  <testcase classname="Practice.CustomerTest" name="ModifyCustomerTest" time="0.001"/>
  <system-out/>
  <testcase classname="Practice.CustomerTest" name="ModifyCustomerTest" time="0.002"/>
  <system-out/>
  <testcase classname="Practice.CustomerTest" name="ModifyCustomerTest" time="0.003"/>
  <system-out/>
  <testcase classname="Practice.CustomerTest" name="ModifyCustomerTest" time="0.001"/>
  <system-out/>
  <testcase classname="Practice.CustomerTest" name="ModifyCustomerTest" time="0.002"/>
  <system-out/>
</testsuite> <!-- Practice.CustomerTest -->
