<?xml version="1.0" encoding="UTF-8"?>
<!-- Generated by org.testng.reporters.JUnitReportReporter -->
<testsuite hostname="DESKTOP-HMSSTKG" failures="0" tests="1" name="com.crm.comcast.campaignTest.CraeteCampaign" time="19.271" errors="0" timestamp="2022-07-19T22:23:54 IST" skipped="0">
  <testcase classname="com.crm.comcast.campaignTest.CraeteCampaign" name="CreateCampaigns" time="19.271"/>
  <system-out/>
</testsuite> <!-- com.crm.comcast.campaignTest.CraeteCampaign -->
