<?xml version="1.0" encoding="UTF-8"?>
<!-- Generated by org.testng.reporters.JUnitXMLReporter -->
<testsuite ignored="0" hostname="DESKTOP-HMSSTKG" failures="1" tests="1" name="Test-chrome" time="90.401" errors="0" timestamp="2022-07-14T17:39:05 IST">
  <testcase classname="com.crm.comcast.contactTest.createContact" name="craetecontact" time="42.129">
    <failure type="java.lang.Error" message="Unresolved compilation problem: 
	The constructor WebDriverWait(WebDriver, int) is undefined
">
      <![CDATA[java.lang.Error: Unresolved compilation problem: 
The constructor WebDriverWait(WebDriver, int) is undefined

at com.crm.comcast.genericutitlity.WebDriverUtility.waitForElement(WebDriverUtility.java:42)
at com.crm.comcast.contactTest.createContact.craetecontact(createContact.java:82)
at java.base/java.util.ArrayList.forEach(ArrayList.java:1511)
at java.base/java.util.concurrent.FutureTask.run(FutureTask.java:264)
at java.base/java.util.concurrent.ThreadPoolExecutor.runWorker(ThreadPoolExecutor.java:1136)
at java.base/java.util.concurrent.ThreadPoolExecutor$Worker.run(ThreadPoolExecutor.java:635)
at java.base/java.lang.Thread.run(Thread.java:833)
... Removed 18 stack frames]]>
    </failure>
  </testcase> <!-- craetecontact -->
</testsuite> <!-- Test-chrome -->
